This is pdfTeX, Version 3.14159265-2.6-1.40.20 (TeX Live 2019) (preloaded format=pdflatex 2019.5.8)  26 OCT 2019 22:46
entering extended mode
 restricted \write18 enabled.
 file:line:error style messages enabled.
 %&-line parsing enabled.
**progress.tex
(./progress.tex
LaTeX2e <2018-12-01>
(/usr/local/texlive/2019/texmf-dist/tex/latex/base/article.cls
Document Class: article 2018/09/03 v1.4i Standard LaTeX document class
(/usr/local/texlive/2019/texmf-dist/tex/latex/base/size10.clo
File: size10.clo 2018/09/03 v1.4i Standard LaTeX file (size option)
)
\c@part=\count80
\c@section=\count81
\c@subsection=\count82
\c@subsubsection=\count83
\c@paragraph=\count84
\c@subparagraph=\count85
\c@figure=\count86
\c@table=\count87
\abovecaptionskip=\skip41
\belowcaptionskip=\skip42
\bibindent=\dimen102
) (/usr/local/texlive/2019/texmf-dist/tex/latex/graphics/graphicx.sty
Package: graphicx 2017/06/01 v1.1a Enhanced LaTeX Graphics (DPC,SPQR)
 (/usr/local/texlive/2019/texmf-dist/tex/latex/graphics/keyval.sty
Package: keyval 2014/10/28 v1.15 key=value parser (DPC)
\KV@toks@=\toks14
) (/usr/local/texlive/2019/texmf-dist/tex/latex/graphics/graphics.sty
Package: graphics 2017/06/25 v1.2c Standard LaTeX Graphics (DPC,SPQR)
 (/usr/local/texlive/2019/texmf-dist/tex/latex/graphics/trig.sty
Package: trig 2016/01/03 v1.10 sin cos tan (DPC)
) (/usr/local/texlive/2019/texmf-dist/tex/latex/graphics-cfg/graphics.cfg
File: graphics.cfg 2016/06/04 v1.11 sample graphics configuration
)
Package graphics Info: Driver file: pdftex.def on input line 99.
 (/usr/local/texlive/2019/texmf-dist/tex/latex/graphics-def/pdftex.def
File: pdftex.def 2018/01/08 v1.0l Graphics/color driver for pdftex
))
\Gin@req@height=\dimen103
\Gin@req@width=\dimen104
) (/usr/local/texlive/2019/texmf-dist/tex/latex/float/float.sty
Package: float 2001/11/08 v1.3d Float enhancements (AL)
\c@float@type=\count88
\float@exts=\toks15
\float@box=\box27
\@float@everytoks=\toks16
\@floatcapt=\box28
) (./progress.aux

LaTeX Warning: Label `simulationfigure' multiply defined.


LaTeX Warning: Label `simulationfigure' multiply defined.


LaTeX Warning: Label `simulationfigure' multiply defined.


LaTeX Warning: Label `simulationfigure' multiply defined.


LaTeX Warning: Label `simulationfigure' multiply defined.


LaTeX Warning: Label `simulationfigure' multiply defined.


LaTeX Warning: Label `simulationfigure' multiply defined.


LaTeX Warning: Label `simulationfigure' multiply defined.


LaTeX Warning: Label `simulationfigure' multiply defined.


LaTeX Warning: Label `simulationfigure' multiply defined.

)
\openout1 = `progress.aux'.

LaTeX Font Info:    Checking defaults for OML/cmm/m/it on input line 5.
LaTeX Font Info:    ... okay on input line 5.
LaTeX Font Info:    Checking defaults for T1/cmr/m/n on input line 5.
LaTeX Font Info:    ... okay on input line 5.
LaTeX Font Info:    Checking defaults for OT1/cmr/m/n on input line 5.
LaTeX Font Info:    ... okay on input line 5.
LaTeX Font Info:    Checking defaults for OMS/cmsy/m/n on input line 5.
LaTeX Font Info:    ... okay on input line 5.
LaTeX Font Info:    Checking defaults for OMX/cmex/m/n on input line 5.
LaTeX Font Info:    ... okay on input line 5.
LaTeX Font Info:    Checking defaults for U/cmr/m/n on input line 5.
LaTeX Font Info:    ... okay on input line 5.
 (/usr/local/texlive/2019/texmf-dist/tex/context/base/mkii/supp-pdf.mkii
[Loading MPS to PDF converter (version 2006.09.02).]
\scratchcounter=\count89
\scratchdimen=\dimen105
\scratchbox=\box29
\nofMPsegments=\count90
\nofMParguments=\count91
\everyMPshowfont=\toks17
\MPscratchCnt=\count92
\MPscratchDim=\dimen106
\MPnumerator=\count93
\makeMPintoPDFobject=\count94
\everyMPtoPDFconversion=\toks18
) (/usr/local/texlive/2019/texmf-dist/tex/latex/oberdiek/epstopdf-base.sty
Package: epstopdf-base 2016/05/15 v2.6 Base part for package epstopdf
 (/usr/local/texlive/2019/texmf-dist/tex/generic/oberdiek/infwarerr.sty
Package: infwarerr 2016/05/16 v1.4 Providing info/warning/error messages (HO)
) (/usr/local/texlive/2019/texmf-dist/tex/latex/oberdiek/grfext.sty
Package: grfext 2016/05/16 v1.2 Manage graphics extensions (HO)
 (/usr/local/texlive/2019/texmf-dist/tex/generic/oberdiek/kvdefinekeys.sty
Package: kvdefinekeys 2016/05/16 v1.4 Define keys (HO)
 (/usr/local/texlive/2019/texmf-dist/tex/generic/oberdiek/ltxcmds.sty
Package: ltxcmds 2016/05/16 v1.23 LaTeX kernel commands for general use (HO)
))) (/usr/local/texlive/2019/texmf-dist/tex/latex/oberdiek/kvoptions.sty
Package: kvoptions 2016/05/16 v3.12 Key value format for package options (HO)
 (/usr/local/texlive/2019/texmf-dist/tex/generic/oberdiek/kvsetkeys.sty
Package: kvsetkeys 2016/05/16 v1.17 Key value parser (HO)
 (/usr/local/texlive/2019/texmf-dist/tex/generic/oberdiek/etexcmds.sty
Package: etexcmds 2016/05/16 v1.6 Avoid name clashes with e-TeX commands (HO)
 (/usr/local/texlive/2019/texmf-dist/tex/generic/oberdiek/ifluatex.sty
Package: ifluatex 2016/05/16 v1.4 Provides the ifluatex switch (HO)
Package ifluatex Info: LuaTeX not detected.
)))) (/usr/local/texlive/2019/texmf-dist/tex/generic/oberdiek/pdftexcmds.sty
Package: pdftexcmds 2018/09/10 v0.29 Utility functions of pdfTeX for LuaTeX (HO)
 (/usr/local/texlive/2019/texmf-dist/tex/generic/oberdiek/ifpdf.sty
Package: ifpdf 2018/09/07 v3.3 Provides the ifpdf switch
)
Package pdftexcmds Info: LuaTeX not detected.
Package pdftexcmds Info: \pdf@primitive is available.
Package pdftexcmds Info: \pdf@ifprimitive is available.
Package pdftexcmds Info: \pdfdraftmode found.
)
Package epstopdf-base Info: Redefining graphics rule for `.eps' on input line 438.
Package grfext Info: Graphics extension search list:
(grfext)             [.pdf,.png,.jpg,.mps,.jpeg,.jbig2,.jb2,.PDF,.PNG,.JPG,.JPEG,.JBIG2,.JB2,.eps]
(grfext)             \AppendGraphicsExtensions on input line 456.
 (/usr/local/texlive/2019/texmf-dist/tex/latex/latexconfig/epstopdf-sys.cfg
File: epstopdf-sys.cfg 2010/07/13 v1.3 Configuration of (r)epstopdf for TeX Live
))
LaTeX Font Info:    External font `cmex10' loaded for size
(Font)              <12> on input line 10.
LaTeX Font Info:    External font `cmex10' loaded for size
(Font)              <8> on input line 10.
LaTeX Font Info:    External font `cmex10' loaded for size
(Font)              <6> on input line 10.
LaTeX Font Info:    Try loading font information for OMS+cmr on input line 27.
 (/usr/local/texlive/2019/texmf-dist/tex/latex/base/omscmr.fd
File: omscmr.fd 2014/09/29 v2.5h Standard LaTeX font definitions
)
LaTeX Font Info:    Font shape `OMS/cmr/m/n' in size <10> not available
(Font)              Font shape `OMS/cmsy/m/n' tried instead on input line 27.
 [1

{/usr/local/texlive/2019/texmf-var/fonts/map/pdftex/updmap/pdftex.map}]
<images/carryTrade/monthly1.png, id=11, 462.528pt x 346.896pt>
File: images/carryTrade/monthly1.png Graphic file (type png)
<use images/carryTrade/monthly1.png>
Package pdftex.def Info: images/carryTrade/monthly1.png  used on input line 59.
(pdftex.def)             Requested size: 346.89514pt x 260.17136pt.

Overfull \hbox (1.89514pt too wide) in paragraph at lines 59--60
 [][] 
 []

[2 <./images/carryTrade/monthly1.png>]
<images/carryTrade/monthly2.png, id=18, 462.528pt x 346.896pt>
File: images/carryTrade/monthly2.png Graphic file (type png)
<use images/carryTrade/monthly2.png>
Package pdftex.def Info: images/carryTrade/monthly2.png  used on input line 73.
(pdftex.def)             Requested size: 346.89514pt x 260.17136pt.

Overfull \hbox (1.89514pt too wide) in paragraph at lines 73--74
 [][] 
 []

<images/carryTrade/halfYear1.png, id=19, 462.528pt x 346.896pt>
File: images/carryTrade/halfYear1.png Graphic file (type png)
<use images/carryTrade/halfYear1.png>
Package pdftex.def Info: images/carryTrade/halfYear1.png  used on input line 92.
(pdftex.def)             Requested size: 346.89514pt x 260.17136pt.

Overfull \hbox (1.89514pt too wide) in paragraph at lines 92--93
 [][] 
 []

[3 <./images/carryTrade/monthly2.png>]
Overfull \hbox (36.44524pt too wide) in paragraph at lines 122--124
\OT1/cmr/m/n/10 from the fol-low-ing source: https://www.investopedia.com/articles/forex/12/calculating-
 []

[4 <./images/carryTrade/halfYear1.png>]
LaTeX Font Info:    External font `cmex10' loaded for size
(Font)              <7> on input line 125.
LaTeX Font Info:    External font `cmex10' loaded for size
(Font)              <5> on input line 125.

./progress.tex:125: Too many }'s.
l.125 ...\frac{er_t^i - er_{t+1}^i}{er_{t+1}^i}\]}
                                                  
You've closed more groups than you opened.
Such booboos are generally harmless, so keep going.


./progress.tex:128: LaTeX Error: Bad math environment delimiter.

See the LaTeX manual or LaTeX Companion for explanation.
Type  H <return>  for immediate help.
 ...                                              
                                                  
l.128   \item $\[
                 er_t\]$ = is current exchange rate of a foreign currency (U...
Your command was ignored.
Type  I <command> <return>  to replace it with another command,
or  <return>  to continue without it.


./progress.tex:128: LaTeX Error: Bad math environment delimiter.

See the LaTeX manual or LaTeX Companion for explanation.
Type  H <return>  for immediate help.
 ...                                              
                                                  
l.128   \item $\[er_t\]
                       $ = is current exchange rate of a foreign currency (U...
Your command was ignored.
Type  I <command> <return>  to replace it with another command,
or  <return>  to continue without it.


./progress.tex:129: LaTeX Error: Bad math environment delimiter.

See the LaTeX manual or LaTeX Companion for explanation.
Type  H <return>  for immediate help.
 ...                                              
                                                  
l.129   \item $\[
                 er_{t+1}\]$ = one month ahead exchange rate of a foreign cu...
Your command was ignored.
Type  I <command> <return>  to replace it with another command,
or  <return>  to continue without it.


./progress.tex:129: LaTeX Error: Bad math environment delimiter.

See the LaTeX manual or LaTeX Companion for explanation.
Type  H <return>  for immediate help.
 ...                                              
                                                  
l.129   \item $\[er_{t+1}\]
                           $ = one month ahead exchange rate of a foreign cu...
Your command was ignored.
Type  I <command> <return>  to replace it with another command,
or  <return>  to continue without it.

<images/direction/er_return.png, id=28, 1214.136pt x 639.5895pt>
File: images/direction/er_return.png Graphic file (type png)
<use images/direction/er_return.png>
Package pdftex.def Info: images/direction/er_return.png  used on input line 137.
(pdftex.def)             Requested size: 704.19939pt x 370.96216pt.

Overfull \hbox (180.74661pt too wide) in paragraph at lines 136--138
 []|  [] 
 []

[5] [6 <./images/direction/er_return.png>]
<images/direction/yield_level.png, id=39, 1214.136pt x 639.5895pt>
File: images/direction/yield_level.png Graphic file (type png)
<use images/direction/yield_level.png>
Package pdftex.def Info: images/direction/yield_level.png  used on input line 178.
(pdftex.def)             Requested size: 704.19939pt x 370.96216pt.

Overfull \hbox (180.74661pt too wide) in paragraph at lines 177--179
 []|  [] 
 []

[7]
<images/direction/yield_slope.png, id=44, 1214.136pt x 639.5895pt>
File: images/direction/yield_slope.png Graphic file (type png)
<use images/direction/yield_slope.png>
Package pdftex.def Info: images/direction/yield_slope.png  used on input line 186.
(pdftex.def)             Requested size: 704.19939pt x 370.96216pt.

Overfull \hbox (180.74661pt too wide) in paragraph at lines 185--187
 []|  [] 
 []

[8 <./images/direction/yield_level.png>]
<images/direction/yield_curvature.png, id=49, 1214.136pt x 639.5895pt>
File: images/direction/yield_curvature.png Graphic file (type png)
<use images/direction/yield_curvature.png>
Package pdftex.def Info: images/direction/yield_curvature.png  used on input line 194.
(pdftex.def)             Requested size: 704.19939pt x 370.96216pt.

Overfull \hbox (180.74661pt too wide) in paragraph at lines 193--195
 []|  [] 
 []

[9 <./images/direction/yield_slope.png>] [10 <./images/direction/yield_curvature.png>]
<images/direction/clf_cm_train.png, id=58, 1732.4725pt x 933.4875pt>
File: images/direction/clf_cm_train.png Graphic file (type png)
<use images/direction/clf_cm_train.png>
Package pdftex.def Info: images/direction/clf_cm_train.png  used on input line 225.
(pdftex.def)             Requested size: 519.74577pt x 280.04842pt.

Overfull \hbox (86.6305pt too wide) in paragraph at lines 224--226
 []|  [] 
 []

<images/direction/clf_cm_test.png, id=59, 1732.4725pt x 933.4875pt>
File: images/direction/clf_cm_test.png Graphic file (type png)
<use images/direction/clf_cm_test.png>
Package pdftex.def Info: images/direction/clf_cm_test.png  used on input line 233.
(pdftex.def)             Requested size: 519.74577pt x 280.04842pt.

Overfull \hbox (86.6305pt too wide) in paragraph at lines 232--234
 []|  [] 
 []

[11 <./images/direction/clf_cm_train.png>] [12 <./images/direction/clf_cm_test.png>]
<images/direction/n_cm_train.png, id=68, 1732.4725pt x 933.4875pt>
File: images/direction/n_cm_train.png Graphic file (type png)
<use images/direction/n_cm_train.png>
Package pdftex.def Info: images/direction/n_cm_train.png  used on input line 266.
(pdftex.def)             Requested size: 519.74577pt x 280.04842pt.

Overfull \hbox (86.6305pt too wide) in paragraph at lines 265--267
 []|  [] 
 []

<images/direction/n_cm_test.png, id=69, 1732.4725pt x 933.4875pt>
File: images/direction/n_cm_test.png Graphic file (type png)
<use images/direction/n_cm_test.png>
Package pdftex.def Info: images/direction/n_cm_test.png  used on input line 274.
(pdftex.def)             Requested size: 519.74577pt x 280.04842pt.

Overfull \hbox (86.6305pt too wide) in paragraph at lines 273--275
 []|  [] 
 []

[13 <./images/direction/n_cm_train.png>] [14 <./images/direction/n_cm_test.png>] (./progress.aux)

LaTeX Warning: There were multiply-defined labels.

 ) 
Here is how much of TeX's memory you used:
 1567 strings out of 492616
 23646 string characters out of 6129482
 85646 words of memory out of 5000000
 5476 multiletter control sequences out of 15000+600000
 7895 words of font info for 28 fonts, out of 8000000 for 9000
 1141 hyphenation exceptions out of 8191
 41i,6n,25p,275b,213s stack positions out of 5000i,500n,10000p,200000b,80000s
</usr/local/texlive/2019/texmf-dist/fonts/type1/public/amsfonts/cm/cmbx10.pfb></usr/local/texlive/2019/texmf-dist/fonts/type1/public/amsfonts/cm/cmbx12.pfb></usr/local/texlive/2019/texmf-dist/fonts/type1/public/amsfonts/cm/cmmi10.pfb></usr/local/texlive/2019/texmf-dist/fonts/type1/public/amsfonts/cm/cmmi7.pfb></usr/local/texlive/2019/texmf-dist/fonts/type1/public/amsfonts/cm/cmr10.pfb></usr/local/texlive/2019/texmf-dist/fonts/type1/public/amsfonts/cm/cmr12.pfb></usr/local/texlive/2019/texmf-dist/fonts/type1/public/amsfonts/cm/cmr17.pfb></usr/local/texlive/2019/texmf-dist/fonts/type1/public/amsfonts/cm/cmr7.pfb></usr/local/texlive/2019/texmf-dist/fonts/type1/public/amsfonts/cm/cmsy10.pfb>
Output written on progress.pdf (14 pages, 2191915 bytes).
PDF statistics:
 109 PDF objects out of 1000 (max. 8388607)
 61 compressed objects within 1 object stream
 0 named destinations out of 1000 (max. 500000)
 56 words of extra memory for PDF output out of 10000 (max. 10000000)

