\BOOKMARK [0][-]{chapter.1}{Background}{}% 1
\BOOKMARK [0][-]{chapter.2}{Testing for UIP}{}% 2
\BOOKMARK [1][-]{section.2.1}{Regression Analysis}{chapter.2}% 3
\BOOKMARK [2][-]{subsection.2.1.1}{Results}{section.2.1}% 4
\BOOKMARK [2][-]{subsection.2.1.2}{Discussion}{section.2.1}% 5
\BOOKMARK [1][-]{section.2.2}{Carry Trade Portfolio Simulation}{chapter.2}% 6
\BOOKMARK [2][-]{subsection.2.2.1}{Results}{section.2.2}% 7
\BOOKMARK [2][-]{subsection.2.2.2}{Discussion}{section.2.2}% 8
\BOOKMARK [0][-]{chapter.3}{Predicting Directional Change in Exchange Rate Returns}{}% 9
\BOOKMARK [1][-]{section.3.1}{Feature Engineering}{chapter.3}% 10
\BOOKMARK [2][-]{subsection.3.1.1}{Calculating binary variable for directional change in exchange rate returns}{section.3.1}% 11
\BOOKMARK [2][-]{subsection.3.1.2}{Principal components of yield curve and its components}{section.3.1}% 12
\BOOKMARK [1][-]{section.3.2}{Support Vector Machine \(SVM\)}{chapter.3}% 13
\BOOKMARK [1][-]{section.3.3}{Artificial Neural Network \(ANN\)}{chapter.3}% 14
\BOOKMARK [1][-]{section.3.4}{Discussion}{chapter.3}% 15
\BOOKMARK [0][-]{chapter.4}{Sentiment Analysis for Predicting Directional Change in Foreign Exchange Market}{}% 16
\BOOKMARK [1][-]{section.4.1}{Feature Engineering}{chapter.4}% 17
\BOOKMARK [1][-]{section.4.2}{Text Preprocessing}{chapter.4}% 18
\BOOKMARK [2][-]{subsection.4.2.1}{Text cleaning}{section.4.2}% 19
\BOOKMARK [2][-]{subsection.4.2.2}{Text to vector conversion}{section.4.2}% 20
\BOOKMARK [1][-]{section.4.3}{Sorting Text by Country}{chapter.4}% 21
\BOOKMARK [2][-]{subsection.4.3.1}{Textual Data Structure}{section.4.3}% 22
\BOOKMARK [2][-]{subsection.4.3.2}{Effectiveness of text sorting algorithm}{section.4.3}% 23
\BOOKMARK [1][-]{section.4.4}{Sentiment Analysis}{chapter.4}% 24
\BOOKMARK [2][-]{subsection.4.4.1}{Methods for Sentiment Analysis}{section.4.4}% 25
\BOOKMARK [2][-]{subsection.4.4.2}{Models for Sentiment Analysis}{section.4.4}% 26
\BOOKMARK [2][-]{subsection.4.4.3}{Results}{section.4.4}% 27
\BOOKMARK [1][-]{section.4.5}{Discussion}{chapter.4}% 28
\BOOKMARK [0][-]{chapter.5}{Conclusion}{}% 29
\BOOKMARK [0][-]{chapter*.49}{References}{}% 30
