This is pdfTeX, Version 3.14159265-2.6-1.40.20 (TeX Live 2019) (preloaded format=pdflatex 2019.5.8)  6 DEC 2019 05:45
entering extended mode
 restricted \write18 enabled.
 file:line:error style messages enabled.
 %&-line parsing enabled.
**thesis.tex
(./thesis.tex
LaTeX2e <2018-12-01>
(/usr/local/texlive/2019/texmf-dist/tex/latex/base/report.cls
Document Class: report 2018/09/03 v1.4i Standard LaTeX document class
(/usr/local/texlive/2019/texmf-dist/tex/latex/base/size12.clo
File: size12.clo 2018/09/03 v1.4i Standard LaTeX file (size option)
)
\c@part=\count80
\c@chapter=\count81
\c@section=\count82
\c@subsection=\count83
\c@subsubsection=\count84
\c@paragraph=\count85
\c@subparagraph=\count86
\c@figure=\count87
\c@table=\count88
\abovecaptionskip=\skip41
\belowcaptionskip=\skip42
\bibindent=\dimen102
) (/usr/local/texlive/2019/texmf-dist/tex/latex/graphics/graphicx.sty
Package: graphicx 2017/06/01 v1.1a Enhanced LaTeX Graphics (DPC,SPQR)
 (/usr/local/texlive/2019/texmf-dist/tex/latex/graphics/keyval.sty
Package: keyval 2014/10/28 v1.15 key=value parser (DPC)
\KV@toks@=\toks14
) (/usr/local/texlive/2019/texmf-dist/tex/latex/graphics/graphics.sty
Package: graphics 2017/06/25 v1.2c Standard LaTeX Graphics (DPC,SPQR)
 (/usr/local/texlive/2019/texmf-dist/tex/latex/graphics/trig.sty
Package: trig 2016/01/03 v1.10 sin cos tan (DPC)
) (/usr/local/texlive/2019/texmf-dist/tex/latex/graphics-cfg/graphics.cfg
File: graphics.cfg 2016/06/04 v1.11 sample graphics configuration
)
Package graphics Info: Driver file: pdftex.def on input line 99.
 (/usr/local/texlive/2019/texmf-dist/tex/latex/graphics-def/pdftex.def
File: pdftex.def 2018/01/08 v1.0l Graphics/color driver for pdftex
))
\Gin@req@height=\dimen103
\Gin@req@width=\dimen104
) (/usr/local/texlive/2019/texmf-dist/tex/latex/float/float.sty
Package: float 2001/11/08 v1.3d Float enhancements (AL)
\c@float@type=\count89
\float@exts=\toks15
\float@box=\box27
\@float@everytoks=\toks16
\@floatcapt=\box28
) (/usr/local/texlive/2019/texmf-dist/tex/latex/booktabs/booktabs.sty
Package: booktabs 2016/04/27 v1.618033 publication quality tables
\heavyrulewidth=\dimen105
\lightrulewidth=\dimen106
\cmidrulewidth=\dimen107
\belowrulesep=\dimen108
\belowbottomsep=\dimen109
\aboverulesep=\dimen110
\abovetopsep=\dimen111
\cmidrulesep=\dimen112
\cmidrulekern=\dimen113
\defaultaddspace=\dimen114
\@cmidla=\count90
\@cmidlb=\count91
\@aboverulesep=\dimen115
\@belowrulesep=\dimen116
\@thisruleclass=\count92
\@lastruleclass=\count93
\@thisrulewidth=\dimen117
) (/usr/local/texlive/2019/texmf-dist/tex/latex/caption/caption.sty
Package: caption 2018/10/06 v3.3-154 Customizing captions (AR)
 (/usr/local/texlive/2019/texmf-dist/tex/latex/caption/caption3.sty
Package: caption3 2018/09/12 v1.8c caption3 kernel (AR)
Package caption3 Info: TeX engine: e-TeX on input line 64.
\captionmargin=\dimen118
\captionmargin@=\dimen119
\captionwidth=\dimen120
\caption@tempdima=\dimen121
\caption@indent=\dimen122
\caption@parindent=\dimen123
\caption@hangindent=\dimen124
)
\c@caption@flags=\count94
\c@ContinuedFloat=\count95
Package caption Info: float package is loaded.
) (/usr/local/texlive/2019/texmf-dist/tex/latex/graphics/rotating.sty
Package: rotating 2016/08/11 v2.16d rotated objects in LaTeX
 (/usr/local/texlive/2019/texmf-dist/tex/latex/base/ifthen.sty
Package: ifthen 2014/09/29 v1.1c Standard LaTeX ifthen package (DPC)
)
\c@r@tfl@t=\count96
\rotFPtop=\skip43
\rotFPbot=\skip44
\rot@float@box=\box29
\rot@mess@toks=\toks17
) (/usr/local/texlive/2019/texmf-dist/tex/latex/amsmath/amsmath.sty
Package: amsmath 2018/12/01 v2.17b AMS math features
\@mathmargin=\skip45

For additional information on amsmath, use the `?' option.
(/usr/local/texlive/2019/texmf-dist/tex/latex/amsmath/amstext.sty
Package: amstext 2000/06/29 v2.01 AMS text
 (/usr/local/texlive/2019/texmf-dist/tex/latex/amsmath/amsgen.sty
File: amsgen.sty 1999/11/30 v2.0 generic functions
\@emptytoks=\toks18
\ex@=\dimen125
)) (/usr/local/texlive/2019/texmf-dist/tex/latex/amsmath/amsbsy.sty
Package: amsbsy 1999/11/29 v1.2d Bold Symbols
\pmbraise@=\dimen126
) (/usr/local/texlive/2019/texmf-dist/tex/latex/amsmath/amsopn.sty
Package: amsopn 2016/03/08 v2.02 operator names
)
\inf@bad=\count97
LaTeX Info: Redefining \frac on input line 223.
\uproot@=\count98
\leftroot@=\count99
LaTeX Info: Redefining \overline on input line 385.
\classnum@=\count100
\DOTSCASE@=\count101
LaTeX Info: Redefining \ldots on input line 482.
LaTeX Info: Redefining \dots on input line 485.
LaTeX Info: Redefining \cdots on input line 606.
\Mathstrutbox@=\box30
\strutbox@=\box31
\big@size=\dimen127
LaTeX Font Info:    Redeclaring font encoding OML on input line 729.
LaTeX Font Info:    Redeclaring font encoding OMS on input line 730.
\macc@depth=\count102
\c@MaxMatrixCols=\count103
\dotsspace@=\muskip10
\c@parentequation=\count104
\dspbrk@lvl=\count105
\tag@help=\toks19
\row@=\count106
\column@=\count107
\maxfields@=\count108
\andhelp@=\toks20
\eqnshift@=\dimen128
\alignsep@=\dimen129
\tagshift@=\dimen130
\tagwidth@=\dimen131
\totwidth@=\dimen132
\lineht@=\dimen133
\@envbody=\toks21
\multlinegap=\skip46
\multlinetaggap=\skip47
\mathdisplay@stack=\toks22
LaTeX Info: Redefining \[ on input line 2844.
LaTeX Info: Redefining \] on input line 2845.
) (/usr/local/texlive/2019/texmf-dist/tex/generic/babel/babel.sty
Package: babel 2019/05/04 3.31 The Babel package
 (/usr/local/texlive/2019/texmf-dist/tex/generic/babel/switch.def
File: switch.def 2019/05/04 3.31 Babel switching mechanism
) (/usr/local/texlive/2019/texmf-dist/tex/generic/babel-english/english.ldf
Language: english 2017/06/06 v3.3r English support from the babel system
 (/usr/local/texlive/2019/texmf-dist/tex/generic/babel/babel.def
File: babel.def 2019/05/04 3.31 Babel common definitions
\babel@savecnt=\count109
\U@D=\dimen134
 (/usr/local/texlive/2019/texmf-dist/tex/generic/babel/txtbabel.def)
\bbl@dirlevel=\count110
)
\l@canadian = a dialect from \language\l@american 
\l@australian = a dialect from \language\l@british 
\l@newzealand = a dialect from \language\l@british 
)) (/usr/local/texlive/2019/texmf-dist/tex/latex/csquotes/csquotes.sty
Package: csquotes 2018/04/13 v5.2d context-sensitive quotations (JAW)
 (/usr/local/texlive/2019/texmf-dist/tex/latex/etoolbox/etoolbox.sty
Package: etoolbox 2018/08/19 v2.5f e-TeX tools for LaTeX (JAW)
\etb@tempcnta=\count111
)
\csq@reset=\count112
\csq@gtype=\count113
\csq@glevel=\count114
\csq@qlevel=\count115
\csq@maxlvl=\count116
\csq@tshold=\count117
\csq@ltx@everypar=\toks23
 (/usr/local/texlive/2019/texmf-dist/tex/latex/csquotes/csquotes.def
File: csquotes.def 2018/04/13 v5.2d csquotes generic definitions (JAW)
)
Package csquotes Info: Trying to load configuration file 'csquotes.cfg'...
Package csquotes Info: ... configuration file loaded successfully.
 (/usr/local/texlive/2019/texmf-dist/tex/latex/csquotes/csquotes.cfg
File: csquotes.cfg 
)
Package csquotes Info: Enabling multilingual quotes.
Package csquotes Info: Redefining alias 'english' -> 'english/american'.
)
Package csquotes Info: Allocating character ".
 (/usr/local/texlive/2019/texmf-dist/tex/latex/geometry/geometry.sty
Package: geometry 2018/04/16 v5.8 Page Geometry

(/usr/local/texlive/2019/texmf-dist/tex/generic/oberdiek/ifpdf.sty
Package: ifpdf 2018/09/07 v3.3 Provides the ifpdf switch
) (/usr/local/texlive/2019/texmf-dist/tex/generic/oberdiek/ifvtex.sty
Package: ifvtex 2016/05/16 v1.6 Detect VTeX and its facilities (HO)
Package ifvtex Info: VTeX not detected.
) (/usr/local/texlive/2019/texmf-dist/tex/generic/ifxetex/ifxetex.sty
Package: ifxetex 2010/09/12 v0.6 Provides ifxetex conditional
)
\Gm@cnth=\count118
\Gm@cntv=\count119
\c@Gm@tempcnt=\count120
\Gm@bindingoffset=\dimen135
\Gm@wd@mp=\dimen136
\Gm@odd@mp=\dimen137
\Gm@even@mp=\dimen138
\Gm@layoutwidth=\dimen139
\Gm@layoutheight=\dimen140
\Gm@layouthoffset=\dimen141
\Gm@layoutvoffset=\dimen142
\Gm@dimlist=\toks24
) (/usr/local/texlive/2019/texmf-dist/tex/latex/hyperref/hyperref.sty
Package: hyperref 2018/11/30 v6.88e Hypertext links for LaTeX
 (/usr/local/texlive/2019/texmf-dist/tex/generic/oberdiek/hobsub-hyperref.sty
Package: hobsub-hyperref 2016/05/16 v1.14 Bundle oberdiek, subset hyperref (HO)
 (/usr/local/texlive/2019/texmf-dist/tex/generic/oberdiek/hobsub-generic.sty
Package: hobsub-generic 2016/05/16 v1.14 Bundle oberdiek, subset generic (HO)
Package: hobsub 2016/05/16 v1.14 Construct package bundles (HO)
Package: infwarerr 2016/05/16 v1.4 Providing info/warning/error messages (HO)
Package: ltxcmds 2016/05/16 v1.23 LaTeX kernel commands for general use (HO)
Package: ifluatex 2016/05/16 v1.4 Provides the ifluatex switch (HO)
Package ifluatex Info: LuaTeX not detected.
Package hobsub Info: Skipping package `ifvtex' (already loaded).
Package: intcalc 2016/05/16 v1.2 Expandable calculations with integers (HO)
Package hobsub Info: Skipping package `ifpdf' (already loaded).
Package: etexcmds 2016/05/16 v1.6 Avoid name clashes with e-TeX commands (HO)
Package: kvsetkeys 2016/05/16 v1.17 Key value parser (HO)
Package: kvdefinekeys 2016/05/16 v1.4 Define keys (HO)
Package: pdftexcmds 2018/09/10 v0.29 Utility functions of pdfTeX for LuaTeX (HO)
Package pdftexcmds Info: LuaTeX not detected.
Package pdftexcmds Info: \pdf@primitive is available.
Package pdftexcmds Info: \pdf@ifprimitive is available.
Package pdftexcmds Info: \pdfdraftmode found.
Package: pdfescape 2016/05/16 v1.14 Implements pdfTeX's escape features (HO)
Package: bigintcalc 2016/05/16 v1.4 Expandable calculations on big integers (HO)
Package: bitset 2016/05/16 v1.2 Handle bit-vector datatype (HO)
Package: uniquecounter 2016/05/16 v1.3 Provide unlimited unique counter (HO)
)
Package hobsub Info: Skipping package `hobsub' (already loaded).
Package: letltxmacro 2016/05/16 v1.5 Let assignment for LaTeX macros (HO)
Package: hopatch 2016/05/16 v1.3 Wrapper for package hooks (HO)
Package: xcolor-patch 2016/05/16 xcolor patch
Package: atveryend 2016/05/16 v1.9 Hooks at the very end of document (HO)
Package: atbegshi 2016/06/09 v1.18 At begin shipout hook (HO)
Package: refcount 2016/05/16 v3.5 Data extraction from label references (HO)
Package: hycolor 2016/05/16 v1.8 Color options for hyperref/bookmark (HO)
) (/usr/local/texlive/2019/texmf-dist/tex/latex/oberdiek/auxhook.sty
Package: auxhook 2016/05/16 v1.4 Hooks for auxiliary files (HO)
) (/usr/local/texlive/2019/texmf-dist/tex/latex/oberdiek/kvoptions.sty
Package: kvoptions 2016/05/16 v3.12 Key value format for package options (HO)
)
\@linkdim=\dimen143
\Hy@linkcounter=\count121
\Hy@pagecounter=\count122
 (/usr/local/texlive/2019/texmf-dist/tex/latex/hyperref/pd1enc.def
File: pd1enc.def 2018/11/30 v6.88e Hyperref: PDFDocEncoding definition (HO)
Now handling font encoding PD1 ...
... no UTF-8 mapping file for font encoding PD1
)
\Hy@SavedSpaceFactor=\count123
 (/usr/local/texlive/2019/texmf-dist/tex/latex/latexconfig/hyperref.cfg
File: hyperref.cfg 2002/06/06 v1.2 hyperref configuration of TeXLive
)
Package hyperref Info: Hyper figures OFF on input line 4519.
Package hyperref Info: Link nesting OFF on input line 4524.
Package hyperref Info: Hyper index ON on input line 4527.
Package hyperref Info: Plain pages OFF on input line 4534.
Package hyperref Info: Backreferencing OFF on input line 4539.
Package hyperref Info: Implicit mode ON; LaTeX internals redefined.
Package hyperref Info: Bookmarks ON on input line 4772.
\c@Hy@tempcnt=\count124
 (/usr/local/texlive/2019/texmf-dist/tex/latex/url/url.sty
\Urlmuskip=\muskip11
Package: url 2013/09/16  ver 3.4  Verb mode for urls, etc.
)
LaTeX Info: Redefining \url on input line 5125.
\XeTeXLinkMargin=\dimen144
\Fld@menulength=\count125
\Field@Width=\dimen145
\Fld@charsize=\dimen146
Package hyperref Info: Hyper figures OFF on input line 6380.
Package hyperref Info: Link nesting OFF on input line 6385.
Package hyperref Info: Hyper index ON on input line 6388.
Package hyperref Info: backreferencing OFF on input line 6395.
Package hyperref Info: Link coloring OFF on input line 6400.
Package hyperref Info: Link coloring with OCG OFF on input line 6405.
Package hyperref Info: PDF/A mode OFF on input line 6410.
LaTeX Info: Redefining \ref on input line 6450.
LaTeX Info: Redefining \pageref on input line 6454.
\Hy@abspage=\count126
\c@Item=\count127
\c@Hfootnote=\count128
)
Package hyperref Info: Driver (autodetected): hpdftex.
 (/usr/local/texlive/2019/texmf-dist/tex/latex/hyperref/hpdftex.def
File: hpdftex.def 2018/11/30 v6.88e Hyperref driver for pdfTeX
\Fld@listcount=\count129
\c@bookmark@seq@number=\count130
 (/usr/local/texlive/2019/texmf-dist/tex/latex/oberdiek/rerunfilecheck.sty
Package: rerunfilecheck 2016/05/16 v1.8 Rerun checks for auxiliary files (HO)
Package uniquecounter Info: New unique counter `rerunfilecheck' on input line 282.
)
\Hy@SectionHShift=\skip48
)
Package hyperref Info: Option `colorlinks' set `true' on input line 16.
 (/usr/local/texlive/2019/texmf-dist/tex/latex/apacite/apacite.sty
Package: apacite 2013/07/21 v6.03 APA citation
\c@BibCnt=\count131
\bibleftmargin=\skip49
\bibindent=\skip50
\bibparsep=\skip51
\bibitemsep=\skip52
\biblabelsep=\skip53
)
Package csquotes Info: Checking for multilingual support...
Package csquotes Info: ... found 'babel' package.
 (./thesis.aux

LaTeX Warning: Label `simulationfigure' multiply defined.


LaTeX Warning: Label `simulationfigure' multiply defined.


LaTeX Warning: Label `simulationfigure' multiply defined.


LaTeX Warning: Label `simulationfigure' multiply defined.


LaTeX Warning: Label `simulationfigure' multiply defined.


LaTeX Warning: Label `simulationfigure' multiply defined.


LaTeX Warning: Label `simulationfigure' multiply defined.


LaTeX Warning: Label `simulationfigure' multiply defined.


LaTeX Warning: Label `simulationfigure' multiply defined.


LaTeX Warning: Label `simulationfigure' multiply defined.


LaTeX Warning: Label `simulationfigure' multiply defined.


LaTeX Warning: Label `simulationfigure' multiply defined.


LaTeX Warning: Label `simulationfigure' multiply defined.


LaTeX Warning: Label `simulationfigure' multiply defined.


LaTeX Warning: Label `simulationfigure' multiply defined.


LaTeX Warning: Label `simulationfigure' multiply defined.


LaTeX Warning: Label `simulationfigure' multiply defined.


LaTeX Warning: Label `simulationfigure' multiply defined.


LaTeX Warning: Label `simulationfigure' multiply defined.


LaTeX Warning: Label `simulationfigure' multiply defined.


LaTeX Warning: Label `simulationfigure' multiply defined.


LaTeX Warning: Label `simulationfigure' multiply defined.


LaTeX Warning: Label `simulationfigure' multiply defined.


LaTeX Warning: Label `simulationfigure' multiply defined.


LaTeX Warning: Label `simulationfigure' multiply defined.

)
\openout1 = `thesis.aux'.

LaTeX Font Info:    Checking defaults for OML/cmm/m/it on input line 18.
LaTeX Font Info:    ... okay on input line 18.
LaTeX Font Info:    Checking defaults for T1/cmr/m/n on input line 18.
LaTeX Font Info:    ... okay on input line 18.
LaTeX Font Info:    Checking defaults for OT1/cmr/m/n on input line 18.
LaTeX Font Info:    ... okay on input line 18.
LaTeX Font Info:    Checking defaults for OMS/cmsy/m/n on input line 18.
LaTeX Font Info:    ... okay on input line 18.
LaTeX Font Info:    Checking defaults for OMX/cmex/m/n on input line 18.
LaTeX Font Info:    ... okay on input line 18.
LaTeX Font Info:    Checking defaults for U/cmr/m/n on input line 18.
LaTeX Font Info:    ... okay on input line 18.
LaTeX Font Info:    Checking defaults for PD1/pdf/m/n on input line 18.
LaTeX Font Info:    ... okay on input line 18.
 (/usr/local/texlive/2019/texmf-dist/tex/context/base/mkii/supp-pdf.mkii
[Loading MPS to PDF converter (version 2006.09.02).]
\scratchcounter=\count132
\scratchdimen=\dimen147
\scratchbox=\box32
\nofMPsegments=\count133
\nofMParguments=\count134
\everyMPshowfont=\toks25
\MPscratchCnt=\count135
\MPscratchDim=\dimen148
\MPnumerator=\count136
\makeMPintoPDFobject=\count137
\everyMPtoPDFconversion=\toks26
) (/usr/local/texlive/2019/texmf-dist/tex/latex/oberdiek/epstopdf-base.sty
Package: epstopdf-base 2016/05/15 v2.6 Base part for package epstopdf
 (/usr/local/texlive/2019/texmf-dist/tex/latex/oberdiek/grfext.sty
Package: grfext 2016/05/16 v1.2 Manage graphics extensions (HO)
)
Package epstopdf-base Info: Redefining graphics rule for `.eps' on input line 438.
Package grfext Info: Graphics extension search list:
(grfext)             [.pdf,.png,.jpg,.mps,.jpeg,.jbig2,.jb2,.PDF,.PNG,.JPG,.JPEG,.JBIG2,.JB2,.eps]
(grfext)             \AppendGraphicsExtensions on input line 456.
 (/usr/local/texlive/2019/texmf-dist/tex/latex/latexconfig/epstopdf-sys.cfg
File: epstopdf-sys.cfg 2010/07/13 v1.3 Configuration of (r)epstopdf for TeX Live
))
Package caption Info: Begin \AtBeginDocument code.
Package caption Info: hyperref package is loaded.
Package caption Info: rotating package is loaded.
Package caption Info: End \AtBeginDocument code.
Package csquotes Info: Making character " active on input line 18.

*geometry* driver: auto-detecting
*geometry* detected driver: pdftex
*geometry* verbose mode - [ preamble ] result:
* driver: pdftex
* paper: a4paper
* layout: <same size as paper>
* layoutoffset:(h,v)=(0.0pt,0.0pt)
* modes: 
* h-part:(L,W,R)=(57.81621pt, 481.87546pt, 57.81621pt)
* v-part:(T,H,B)=(57.81621pt, 729.41443pt, 57.81621pt)
* \paperwidth=597.50787pt
* \paperheight=845.04684pt
* \textwidth=481.87546pt
* \textheight=729.41443pt
* \oddsidemargin=-14.45378pt
* \evensidemargin=-14.45378pt
* \topmargin=-51.45378pt
* \headheight=12.0pt
* \headsep=25.0pt
* \topskip=12.0pt
* \footskip=30.0pt
* \marginparwidth=35.0pt
* \marginparsep=10.0pt
* \columnsep=10.0pt
* \skip\footins=10.8pt plus 4.0pt minus 2.0pt
* \hoffset=0.0pt
* \voffset=0.0pt
* \mag=1000
* \@twocolumnfalse
* \@twosidefalse
* \@mparswitchfalse
* \@reversemarginfalse
* (1in=72.27pt=25.4mm, 1cm=28.453pt)

\AtBeginShipoutBox=\box33
(/usr/local/texlive/2019/texmf-dist/tex/latex/graphics/color.sty
Package: color 2016/07/10 v1.1e Standard LaTeX Color (DPC)
 (/usr/local/texlive/2019/texmf-dist/tex/latex/graphics-cfg/color.cfg
File: color.cfg 2016/01/02 v1.6 sample color configuration
)
Package color Info: Driver file: pdftex.def on input line 147.
)
Package hyperref Info: Link coloring ON on input line 18.
 (/usr/local/texlive/2019/texmf-dist/tex/latex/hyperref/nameref.sty
Package: nameref 2016/05/21 v2.44 Cross-referencing by name of section
 (/usr/local/texlive/2019/texmf-dist/tex/generic/oberdiek/gettitlestring.sty
Package: gettitlestring 2016/05/16 v1.5 Cleanup title references (HO)
)
\c@section@level=\count138
)
LaTeX Info: Redefining \ref on input line 18.
LaTeX Info: Redefining \pageref on input line 18.
LaTeX Info: Redefining \nameref on input line 18.
 (./thesis.out) (./thesis.out)
\@outlinefile=\write3
\openout3 = `thesis.out'.

\c@maskedRefs=\count139
 (/usr/local/texlive/2019/texmf-dist/tex/latex/apacite/english.apc
File: english.apc 2013/07/21 v6.03 apacite language file
LaTeX Info: Redefining \BPBI on input line 129.
LaTeX Info: Redefining \BHBI on input line 130.
)
<images/bates_logo.png, id=124, 1406.25375pt x 1417.295pt>
File: images/bates_logo.png Graphic file (type png)
<use images/bates_logo.png>
Package pdftex.def Info: images/bates_logo.png  used on input line 45.
(pdftex.def)             Requested size: 210.92896pt x 212.58507pt.
 [1

{/usr/local/texlive/2019/texmf-var/fonts/map/pdftex/updmap/pdftex.map} <./images/bates_logo.png>] [2] [3] (./thesis.toc)
\tf@toc=\write4
\openout4 = `thesis.toc'.

 [4

]
Chapter 1.

./thesis.tex:120: LaTeX Error: Undefined color `gray'.

See the LaTeX manual or LaTeX Companion for explanation.
Type  H <return>  for immediate help.
 ...                                              
                                                  
l.120 ...ts expected value \cite{wang2008exchange}
                                                  . This means that current ...
You're in trouble here.  Try typing  <return>  to proceed.
If that doesn't work, type  X <return>  to quit.


./thesis.tex:120: LaTeX Error: Undefined color `gray'.

See the LaTeX manual or LaTeX Companion for explanation.
Type  H <return>  for immediate help.
 ...                                              
                                                  
l.120 ...ts expected value \cite{wang2008exchange}
                                                  . This means that current ...
You're in trouble here.  Try typing  <return>  to proceed.
If that doesn't work, type  X <return>  to quit.


./thesis.tex:120: LaTeX Error: Undefined color `gray'.

See the LaTeX manual or LaTeX Companion for explanation.
Type  H <return>  for immediate help.
 ...                                              
                                                  
l.120 ...entals does not \cite{meese1983empirical}
                                                  .
You're in trouble here.  Try typing  <return>  to proceed.
If that doesn't work, type  X <return>  to quit.


./thesis.tex:120: LaTeX Error: Undefined color `gray'.

See the LaTeX manual or LaTeX Companion for explanation.
Type  H <return>  for immediate help.
 ...                                              
                                                  
l.120 ...entals does not \cite{meese1983empirical}
                                                  .
You're in trouble here.  Try typing  <return>  to proceed.
If that doesn't work, type  X <return>  to quit.


./thesis.tex:125: LaTeX Error: Undefined color `gray'.

See the LaTeX manual or LaTeX Companion for explanation.
Type  H <return>  for immediate help.
 ...                                              
                                                  
l.125 ... bond market \cite{aggarwal2013uncovered}
                                                  . Following is the equatio...
You're in trouble here.  Try typing  <return>  to proceed.
If that doesn't work, type  X <return>  to quit.


./thesis.tex:125: LaTeX Error: Undefined color `gray'.

See the LaTeX manual or LaTeX Companion for explanation.
Type  H <return>  for immediate help.
 ...                                              
                                                  
l.125 ... bond market \cite{aggarwal2013uncovered}
                                                  . Following is the equatio...
You're in trouble here.  Try typing  <return>  to proceed.
If that doesn't work, type  X <return>  to quit.

[5

]
./thesis.tex:128: Missing $ inserted.
<inserted text> 
                $
l.128 
      
I've inserted a begin-math/end-math symbol since I think
you left one out. Proceed, with fingers crossed.

./thesis.tex:128: Display math should end with $$.
<to be read again> 
                   \par 
l.128 
      
The `$' that I just saw supposedly matches a previous `$$'.
So I shall assume that you typed `$$' both times.


./thesis.tex:129: LaTeX Error: Bad math environment delimiter.

See the LaTeX manual or LaTeX Companion for explanation.
Type  H <return>  for immediate help.
 ...                                              
                                                  
l.129 In the equation above, $\[
                                E_t[s_{t+1}] - s_t$ indicates the change in ...
Your command was ignored.
Type  I <command> <return>  to replace it with another command,
or  <return>  to continue without it.

./thesis.tex:129: Missing \endgroup inserted.
<inserted text> 
                \endgroup 
l.129 ...he equation above, $\[E_t[s_{t+1}] - s_t$
                                                   indicates the change in e...
I've inserted something that you may have forgotten.
(See the <inserted text> above.)
With luck, this will get me unwedged. But if you
really didn't forget anything, try typing `2' now; then
my insertion and my current dilemma will both disappear.

./thesis.tex:132: Missing $ inserted.
<inserted text> 
                $
l.132 
      
I've inserted a begin-math/end-math symbol since I think
you left one out. Proceed, with fingers crossed.

./thesis.tex:132: Display math should end with $$.
<to be read again> 
                   \par 
l.132 
      
The `$' that I just saw supposedly matches a previous `$$'.
So I shall assume that you typed `$$' both times.


./thesis.tex:137: LaTeX Error: Undefined color `gray'.

See the LaTeX manual or LaTeX Companion for explanation.
Type  H <return>  for immediate help.
 ...                                              
                                                  
l.137 ... premium puzzle'" \cite{menkhoff2011risk}
                                                  . \textbf{Carry Trade} is ...
You're in trouble here.  Try typing  <return>  to proceed.
If that doesn't work, type  X <return>  to quit.


./thesis.tex:137: LaTeX Error: Undefined color `gray'.

See the LaTeX manual or LaTeX Companion for explanation.
Type  H <return>  for immediate help.
 ...                                              
                                                  
l.137 ... premium puzzle'" \cite{menkhoff2011risk}
                                                  . \textbf{Carry Trade} is ...
You're in trouble here.  Try typing  <return>  to proceed.
If that doesn't work, type  X <return>  to quit.


./thesis.tex:137: LaTeX Error: Undefined color `gray'.

See the LaTeX manual or LaTeX Companion for explanation.
Type  H <return>  for immediate help.
 ...                                              
                                                  
l.137 ...at theory suggests \cite{fama1984forward}
                                                  . A theoretically convinci...
You're in trouble here.  Try typing  <return>  to proceed.
If that doesn't work, type  X <return>  to quit.


./thesis.tex:137: LaTeX Error: Undefined color `gray'.

See the LaTeX manual or LaTeX Companion for explanation.
Type  H <return>  for immediate help.
 ...                                              
                                                  
l.137 ...at theory suggests \cite{fama1984forward}
                                                  . A theoretically convinci...
You're in trouble here.  Try typing  <return>  to proceed.
If that doesn't work, type  X <return>  to quit.

./thesis.tex:140: Missing $ inserted.
<inserted text> 
                $
l.140 
      
I've inserted a begin-math/end-math symbol since I think
you left one out. Proceed, with fingers crossed.

./thesis.tex:140: Display math should end with $$.
<to be read again> 
                   \par 
l.140 
      
The `$' that I just saw supposedly matches a previous `$$'.
So I shall assume that you typed `$$' both times.


./thesis.tex:141: LaTeX Error: Undefined color `gray'.

See the LaTeX manual or LaTeX Companion for explanation.
Type  H <return>  for immediate help.
 ...                                              
                                                  
l.141 ...th economic theory \cite{bussiere2018new}
                                                  .
You're in trouble here.  Try typing  <return>  to proceed.
If that doesn't work, type  X <return>  to quit.


./thesis.tex:141: LaTeX Error: Undefined color `gray'.

See the LaTeX manual or LaTeX Companion for explanation.
Type  H <return>  for immediate help.
 ...                                              
                                                  
l.141 ...th economic theory \cite{bussiere2018new}
                                                  .
You're in trouble here.  Try typing  <return>  to proceed.
If that doesn't work, type  X <return>  to quit.

[6] [7]
Chapter 2.

./thesis.tex:145: LaTeX Error: Undefined color `gray'.

See the LaTeX manual or LaTeX Companion for explanation.
Type  H <return>  for immediate help.
 ...                                              
                                                  
l.145 ... is adopted from \cite{hansen1980forward}
                                                  .
You're in trouble here.  Try typing  <return>  to proceed.
If that doesn't work, type  X <return>  to quit.


./thesis.tex:145: LaTeX Error: Undefined color `gray'.

See the LaTeX manual or LaTeX Companion for explanation.
Type  H <return>  for immediate help.
 ...                                              
                                                  
l.145 ... is adopted from \cite{hansen1980forward}
                                                  .
You're in trouble here.  Try typing  <return>  to proceed.
If that doesn't work, type  X <return>  to quit.

./thesis.tex:148: Missing $ inserted.
<inserted text> 
                $
l.148 
      
I've inserted a begin-math/end-math symbol since I think
you left one out. Proceed, with fingers crossed.

./thesis.tex:148: Display math should end with $$.
<to be read again> 
                   \par 
l.148 
      
The `$' that I just saw supposedly matches a previous `$$'.
So I shall assume that you typed `$$' both times.

[8

]
<images/reg/current.png, id=225, 433.62pt x 289.08pt>
File: images/reg/current.png Graphic file (type png)
<use images/reg/current.png>
Package pdftex.def Info: images/reg/current.png  used on input line 194.
(pdftex.def)             Requested size: 368.57874pt x 245.71915pt.
 [9 <./images/reg/current.png>]
<images/reg/current_six.png, id=234, 433.62pt x 289.08pt>
File: images/reg/current_six.png Graphic file (type png)
<use images/reg/current_six.png>
Package pdftex.def Info: images/reg/current_six.png  used on input line 241.
(pdftex.def)             Requested size: 368.57874pt x 245.71915pt.
 [10 <./images/reg/current_six.png>]
<images/reg/current_12.png, id=242, 433.62pt x 289.08pt>
File: images/reg/current_12.png Graphic file (type png)
<use images/reg/current_12.png>
Package pdftex.def Info: images/reg/current_12.png  used on input line 286.
(pdftex.def)             Requested size: 368.57874pt x 245.71915pt.
 [11 <./images/reg/current_12.png>]

./thesis.tex:299: LaTeX Error: Undefined color `gray'.

See the LaTeX manual or LaTeX Companion for explanation.
Type  H <return>  for immediate help.
 ...                                              
                                                  
l.299 ...equal to zero" \cite{cenedese2014foreign}
                                                  . This means that the popu...
You're in trouble here.  Try typing  <return>  to proceed.
If that doesn't work, type  X <return>  to quit.


./thesis.tex:299: LaTeX Error: Undefined color `gray'.

See the LaTeX manual or LaTeX Companion for explanation.
Type  H <return>  for immediate help.
 ...                                              
                                                  
l.299 ...equal to zero" \cite{cenedese2014foreign}
                                                  . This means that the popu...
You're in trouble here.  Try typing  <return>  to proceed.
If that doesn't work, type  X <return>  to quit.


./thesis.tex:303: LaTeX Error: Undefined color `gray'.

See the LaTeX manual or LaTeX Companion for explanation.
Type  H <return>  for immediate help.
 ...                                              
                                                  
l.303 ...r bearing risk \cite{cenedese2014foreign}
                                                  . The returns from carry t...
You're in trouble here.  Try typing  <return>  to proceed.
If that doesn't work, type  X <return>  to quit.


./thesis.tex:303: LaTeX Error: Undefined color `gray'.

See the LaTeX manual or LaTeX Companion for explanation.
Type  H <return>  for immediate help.
 ...                                              
                                                  
l.303 ...r bearing risk \cite{cenedese2014foreign}
                                                  . The returns from carry t...
You're in trouble here.  Try typing  <return>  to proceed.
If that doesn't work, type  X <return>  to quit.


./thesis.tex:303: LaTeX Error: Undefined color `gray'.

See the LaTeX manual or LaTeX Companion for explanation.
Type  H <return>  for immediate help.
 ...                                              
                                                  
l.303 ...cies tend to rise \cite{berg2018measures}
                                                  . It is this behavior of t...
You're in trouble here.  Try typing  <return>  to proceed.
If that doesn't work, type  X <return>  to quit.


./thesis.tex:303: LaTeX Error: Undefined color `gray'.

See the LaTeX manual or LaTeX Companion for explanation.
Type  H <return>  for immediate help.
 ...                                              
                                                  
l.303 ...cies tend to rise \cite{berg2018measures}
                                                  . It is this behavior of t...
You're in trouble here.  Try typing  <return>  to proceed.
If that doesn't work, type  X <return>  to quit.


./thesis.tex:307: LaTeX Error: Undefined color `gray'.

See the LaTeX manual or LaTeX Companion for explanation.
Type  H <return>  for immediate help.
 ...                                              
                                                  
l.307 ...l excess return" \cite{burnside2011carry}
                                                  . Individual currency trad...
You're in trouble here.  Try typing  <return>  to proceed.
If that doesn't work, type  X <return>  to quit.


./thesis.tex:307: LaTeX Error: Undefined color `gray'.

See the LaTeX manual or LaTeX Companion for explanation.
Type  H <return>  for immediate help.
 ...                                              
                                                  
l.307 ...l excess return" \cite{burnside2011carry}
                                                  . Individual currency trad...
You're in trouble here.  Try typing  <return>  to proceed.
If that doesn't work, type  X <return>  to quit.

[12]
./thesis.tex:314: Missing $ inserted.
<inserted text> 
                $
l.314 
      
I've inserted a begin-math/end-math symbol since I think
you left one out. Proceed, with fingers crossed.

./thesis.tex:314: Display math should end with $$.
<to be read again> 
                   \par 
l.314 
      
The `$' that I just saw supposedly matches a previous `$$'.
So I shall assume that you typed `$$' both times.


./thesis.tex:319: LaTeX Error: Undefined color `gray'.

See the LaTeX manual or LaTeX Companion for explanation.
Type  H <return>  for immediate help.
 ...                                              
                                                  
l.319 ... on long term bonds \cite{lustig2013term}
                                                  . The carry trade model eq...
You're in trouble here.  Try typing  <return>  to proceed.
If that doesn't work, type  X <return>  to quit.


./thesis.tex:319: LaTeX Error: Undefined color `gray'.

See the LaTeX manual or LaTeX Companion for explanation.
Type  H <return>  for immediate help.
 ...                                              
                                                  
l.319 ... on long term bonds \cite{lustig2013term}
                                                  . The carry trade model eq...
You're in trouble here.  Try typing  <return>  to proceed.
If that doesn't work, type  X <return>  to quit.

[13]
<images/carryTrade/monthly1.png, id=276, 462.528pt x 346.896pt>
File: images/carryTrade/monthly1.png Graphic file (type png)
<use images/carryTrade/monthly1.png>
Package pdftex.def Info: images/carryTrade/monthly1.png  used on input line 329.
(pdftex.def)             Requested size: 453.27434pt x 339.95575pt.
 [14 <./images/carryTrade/monthly1.png>]
<images/carryTrade/monthly2.png, id=284, 462.528pt x 346.896pt>
File: images/carryTrade/monthly2.png Graphic file (type png)
<use images/carryTrade/monthly2.png>
Package pdftex.def Info: images/carryTrade/monthly2.png  used on input line 344.
(pdftex.def)             Requested size: 453.27434pt x 339.95575pt.
 [15 <./images/carryTrade/monthly2.png>]
<images/carryTrade/halfYear1.png, id=292, 462.528pt x 346.896pt>
File: images/carryTrade/halfYear1.png Graphic file (type png)
<use images/carryTrade/halfYear1.png>
Package pdftex.def Info: images/carryTrade/halfYear1.png  used on input line 359.
(pdftex.def)             Requested size: 453.27434pt x 339.95575pt.
 [16 <./images/carryTrade/halfYear1.png>] [17]
Chapter 3.

./thesis.tex:377: LaTeX Error: Undefined color `gray'.

See the LaTeX manual or LaTeX Companion for explanation.
Type  H <return>  for immediate help.
 ...                                              
                                                  
l.377 ...gn exchange market. \cite{galeshchuk2017}
                                                  
You're in trouble here.  Try typing  <return>  to proceed.
If that doesn't work, type  X <return>  to quit.


./thesis.tex:377: LaTeX Error: Undefined color `gray'.

See the LaTeX manual or LaTeX Companion for explanation.
Type  H <return>  for immediate help.
 ...                                              
                                                  
l.377 ...gn exchange market. \cite{galeshchuk2017}
                                                  
You're in trouble here.  Try typing  <return>  to proceed.
If that doesn't work, type  X <return>  to quit.


./thesis.tex:381: LaTeX Error: Undefined color `gray'.

See the LaTeX manual or LaTeX Companion for explanation.
Type  H <return>  for immediate help.
 ...                                              
                                                  
l.381 ...ess than a year \cite{meese1983empirical}
                                                  . "Time series models prod...
You're in trouble here.  Try typing  <return>  to proceed.
If that doesn't work, type  X <return>  to quit.


./thesis.tex:381: LaTeX Error: Undefined color `gray'.

See the LaTeX manual or LaTeX Companion for explanation.
Type  H <return>  for immediate help.
 ...                                              
                                                  
l.381 ...ess than a year \cite{meese1983empirical}
                                                  . "Time series models prod...
You're in trouble here.  Try typing  <return>  to proceed.
If that doesn't work, type  X <return>  to quit.


./thesis.tex:381: LaTeX Error: Undefined color `gray'.

See the LaTeX manual or LaTeX Companion for explanation.
Type  H <return>  for immediate help.
 ...                                              
                                                  
l.381 ...domain experts" \cite{galeshchuk2017deep}
                                                  . The reason why machine l...
You're in trouble here.  Try typing  <return>  to proceed.
If that doesn't work, type  X <return>  to quit.


./thesis.tex:381: LaTeX Error: Undefined color `gray'.

See the LaTeX manual or LaTeX Companion for explanation.
Type  H <return>  for immediate help.
 ...                                              
                                                  
l.381 ...domain experts" \cite{galeshchuk2017deep}
                                                  . The reason why machine l...
You're in trouble here.  Try typing  <return>  to proceed.
If that doesn't work, type  X <return>  to quit.


./thesis.tex:381: LaTeX Error: Undefined color `gray'.

See the LaTeX manual or LaTeX Companion for explanation.
Type  H <return>  for immediate help.
 ...                                              
                                                  
l.381 ... neural networks \cite{thu2018supervised}
                                                  .
You're in trouble here.  Try typing  <return>  to proceed.
If that doesn't work, type  X <return>  to quit.


./thesis.tex:381: LaTeX Error: Undefined color `gray'.

See the LaTeX manual or LaTeX Companion for explanation.
Type  H <return>  for immediate help.
 ...                                              
                                                  
l.381 ... neural networks \cite{thu2018supervised}
                                                  .
You're in trouble here.  Try typing  <return>  to proceed.
If that doesn't work, type  X <return>  to quit.

[18

] [19]

./thesis.tex:397: LaTeX Error: Undefined color `gray'.

See the LaTeX manual or LaTeX Companion for explanation.
Type  H <return>  for immediate help.
 ...                                              
                                                  
l.397 ...ved from \cite{bekaert1992characterizing}
                                                  :
You're in trouble here.  Try typing  <return>  to proceed.
If that doesn't work, type  X <return>  to quit.


./thesis.tex:397: LaTeX Error: Undefined color `gray'.

See the LaTeX manual or LaTeX Companion for explanation.
Type  H <return>  for immediate help.
 ...                                              
                                                  
l.397 ...ved from \cite{bekaert1992characterizing}
                                                  :
You're in trouble here.  Try typing  <return>  to proceed.
If that doesn't work, type  X <return>  to quit.

./thesis.tex:399: Extra }, or forgotten $.
l.399 \[rs_{t+1}^i= s_{t+1}^i - s_{t}^i}
                                        
I've deleted a group-closing symbol because it seems to be
spurious, as in `$x}$'. But perhaps the } is legitimate and
you forgot something else, as in `\hbox{$x}'. In such cases
the way to recover is to insert both the forgotten and the
deleted material, e.g., by typing `I$}'.

./thesis.tex:400: Missing $ inserted.
<inserted text> 
                $
l.400 
      
I've inserted a begin-math/end-math symbol since I think
you left one out. Proceed, with fingers crossed.

./thesis.tex:400: Display math should end with $$.
<to be read again> 
                   \par 
l.400 
      
The `$' that I just saw supposedly matches a previous `$$'.
So I shall assume that you typed `$$' both times.

<images/direction/er_return.png, id=327, 1214.136pt x 628.0263pt>
File: images/direction/er_return.png Graphic file (type png)
<use images/direction/er_return.png>
Package pdftex.def Info: images/direction/er_return.png  used on input line 407.
(pdftex.def)             Requested size: 971.31013pt x 502.42172pt.

Overfull \hbox (136.10179pt too wide) in paragraph at lines 406--408
 []|  [] 
 []

[20] [21 <./images/direction/er_return.png>]
./thesis.tex:433: Missing $ inserted.
<inserted text> 
                $
l.433 
      
I've inserted a begin-math/end-math symbol since I think
you left one out. Proceed, with fingers crossed.

./thesis.tex:433: Display math should end with $$.
<to be read again> 
                   \par 
l.433 
      
The `$' that I just saw supposedly matches a previous `$$'.
So I shall assume that you typed `$$' both times.


./thesis.tex:438: LaTeX Error: Undefined color `gray'.

See the LaTeX manual or LaTeX Companion for explanation.
Type  H <return>  for immediate help.
 ...                                              
                                                  
l.438 ...thin the yield curve \cite{salemspanning}
                                                  . Hence, the yield curve a...
You're in trouble here.  Try typing  <return>  to proceed.
If that doesn't work, type  X <return>  to quit.


./thesis.tex:438: LaTeX Error: Undefined color `gray'.

See the LaTeX manual or LaTeX Companion for explanation.
Type  H <return>  for immediate help.
 ...                                              
                                                  
l.438 ...thin the yield curve \cite{salemspanning}
                                                  . Hence, the yield curve a...
You're in trouble here.  Try typing  <return>  to proceed.
If that doesn't work, type  X <return>  to quit.


./thesis.tex:438: LaTeX Error: Undefined color `gray'.

See the LaTeX manual or LaTeX Companion for explanation.
Type  H <return>  for immediate help.
 ...                                              
                                                  
l.438 ...its maturities \cite{patel2018regression}
                                                  . Taking the PCA of the yi...
You're in trouble here.  Try typing  <return>  to proceed.
If that doesn't work, type  X <return>  to quit.


./thesis.tex:438: LaTeX Error: Undefined color `gray'.

See the LaTeX manual or LaTeX Companion for explanation.
Type  H <return>  for immediate help.
 ...                                              
                                                  
l.438 ...its maturities \cite{patel2018regression}
                                                  . Taking the PCA of the yi...
You're in trouble here.  Try typing  <return>  to proceed.
If that doesn't work, type  X <return>  to quit.

[22]
<images/direction/yield_level.png, id=352, 1214.136pt x 628.0263pt>
File: images/direction/yield_level.png Graphic file (type png)
<use images/direction/yield_level.png>
Package pdftex.def Info: images/direction/yield_level.png  used on input line 445.
(pdftex.def)             Requested size: 971.31013pt x 502.42172pt.

Overfull \hbox (136.10179pt too wide) in paragraph at lines 444--446
 []|  [] 
 []

<images/direction/yield_slope.png, id=353, 1214.136pt x 628.0263pt>
File: images/direction/yield_slope.png Graphic file (type png)
<use images/direction/yield_slope.png>
Package pdftex.def Info: images/direction/yield_slope.png  used on input line 456.
(pdftex.def)             Requested size: 971.31013pt x 502.42172pt.

Overfull \hbox (136.10179pt too wide) in paragraph at lines 455--457
 []|  [] 
 []

<images/direction/yield_curvature.png, id=354, 1214.136pt x 628.0263pt>
File: images/direction/yield_curvature.png Graphic file (type png)
<use images/direction/yield_curvature.png>
Package pdftex.def Info: images/direction/yield_curvature.png  used on input line 467.
(pdftex.def)             Requested size: 971.31013pt x 502.42172pt.

Overfull \hbox (136.10179pt too wide) in paragraph at lines 466--468
 []|  [] 
 []

[23] [24 <./images/direction/yield_level.png>] [25 <./images/direction/yield_slope.png>] [26 <./images/direction/yield_curvature.png>]
<images/direction/clf_cm_train.png, id=382, 1732.4725pt x 933.4875pt>
File: images/direction/clf_cm_train.png Graphic file (type png)
<use images/direction/clf_cm_train.png>
Package pdftex.def Info: images/direction/clf_cm_train.png  used on input line 489.
(pdftex.def)             Requested size: 779.60544pt x 420.06549pt.

Overfull \hbox (50.19101pt too wide) in paragraph at lines 489--490
 [][] 
 []

<images/direction/clf_cm_test.png, id=383, 1732.4725pt x 933.4875pt>
File: images/direction/clf_cm_test.png Graphic file (type png)
<use images/direction/clf_cm_test.png>
Package pdftex.def Info: images/direction/clf_cm_test.png  used on input line 499.
(pdftex.def)             Requested size: 779.60544pt x 420.06549pt.

Overfull \hbox (50.19101pt too wide) in paragraph at lines 499--500
 [][] 
 []

[27] [28 <./images/direction/clf_cm_train.png>] [29 <./images/direction/clf_cm_test.png>]
<images/ANN.png, id=402, 1282.7925pt x 692.5875pt>
File: images/ANN.png Graphic file (type png)
<use images/ANN.png>
Package pdftex.def Info: images/ANN.png  used on input line 515.
(pdftex.def)             Requested size: 577.2513pt x 311.66148pt.

Overfull \hbox (36.55699pt too wide) in paragraph at lines 514--516
 []|  [] 
 []

[30 <./images/ANN.png (PNG copy)>]
<images/direction/n_cm_train.png, id=408, 1732.4725pt x 933.4875pt>
File: images/direction/n_cm_train.png Graphic file (type png)
<use images/direction/n_cm_train.png>
Package pdftex.def Info: images/direction/n_cm_train.png  used on input line 527.
(pdftex.def)             Requested size: 779.60544pt x 420.06549pt.

Overfull \hbox (50.19101pt too wide) in paragraph at lines 527--528
 [][] 
 []

<images/direction/n_cm_test.png, id=409, 1732.4725pt x 933.4875pt>
File: images/direction/n_cm_test.png Graphic file (type png)
<use images/direction/n_cm_test.png>
Package pdftex.def Info: images/direction/n_cm_test.png  used on input line 537.
(pdftex.def)             Requested size: 779.60544pt x 420.06549pt.

Overfull \hbox (50.19101pt too wide) in paragraph at lines 537--538
 [][] 
 []

[31] [32 <./images/direction/n_cm_train.png>] [33 <./images/direction/n_cm_test.png>]

./thesis.tex:548: LaTeX Error: Undefined color `gray'.

See the LaTeX manual or LaTeX Companion for explanation.
Type  H <return>  for immediate help.
 ...                                              
                                                  
l.548 ... exchange rates \cite{galeshchuk2017deep}
                                                  . Recurrent Neural Network...
You're in trouble here.  Try typing  <return>  to proceed.
If that doesn't work, type  X <return>  to quit.


./thesis.tex:548: LaTeX Error: Undefined color `gray'.

See the LaTeX manual or LaTeX Companion for explanation.
Type  H <return>  for immediate help.
 ...                                              
                                                  
l.548 ... exchange rates \cite{galeshchuk2017deep}
                                                  . Recurrent Neural Network...
You're in trouble here.  Try typing  <return>  to proceed.
If that doesn't work, type  X <return>  to quit.

[34]
Chapter 4.

./thesis.tex:552: LaTeX Error: Undefined color `gray'.

See the LaTeX manual or LaTeX Companion for explanation.
Type  H <return>  for immediate help.
 ...                                              
                                                  
l.552 ...ents is a holy grail" \cite{jin2013forex}
                                                  . Predicting accurate dire...
You're in trouble here.  Try typing  <return>  to proceed.
If that doesn't work, type  X <return>  to quit.


./thesis.tex:552: LaTeX Error: Undefined color `gray'.

See the LaTeX manual or LaTeX Companion for explanation.
Type  H <return>  for immediate help.
 ...                                              
                                                  
l.552 ...ents is a holy grail" \cite{jin2013forex}
                                                  . Predicting accurate dire...
You're in trouble here.  Try typing  <return>  to proceed.
If that doesn't work, type  X <return>  to quit.


./thesis.tex:552: LaTeX Error: Undefined color `gray'.

See the LaTeX manual or LaTeX Companion for explanation.
Type  H <return>  for immediate help.
 ...                                              
                                                  
l.552 ...the currency market \cite{galeshchuk2017}
                                                  .
You're in trouble here.  Try typing  <return>  to proceed.
If that doesn't work, type  X <return>  to quit.


./thesis.tex:552: LaTeX Error: Undefined color `gray'.

See the LaTeX manual or LaTeX Companion for explanation.
Type  H <return>  for immediate help.
 ...                                              
                                                  
l.552 ...the currency market \cite{galeshchuk2017}
                                                  .
You're in trouble here.  Try typing  <return>  to proceed.
If that doesn't work, type  X <return>  to quit.


./thesis.tex:556: LaTeX Error: Undefined color `gray'.

See the LaTeX manual or LaTeX Companion for explanation.
Type  H <return>  for immediate help.
 ...                                              
                                                  
l.556 ...ate currency" \cite{schumaker2006textual}
                                                  . Sentiment analysis is th...
You're in trouble here.  Try typing  <return>  to proceed.
If that doesn't work, type  X <return>  to quit.


./thesis.tex:556: LaTeX Error: Undefined color `gray'.

See the LaTeX manual or LaTeX Companion for explanation.
Type  H <return>  for immediate help.
 ...                                              
                                                  
l.556 ...ate currency" \cite{schumaker2006textual}
                                                  . Sentiment analysis is th...
You're in trouble here.  Try typing  <return>  to proceed.
If that doesn't work, type  X <return>  to quit.


./thesis.tex:556: LaTeX Error: Undefined color `gray'.

See the LaTeX manual or LaTeX Companion for explanation.
Type  H <return>  for immediate help.
 ...                                              
                                                  
l.556 ... exchange market \cite{calomiris2019news}
                                                  . Recently, economists hav...
You're in trouble here.  Try typing  <return>  to proceed.
If that doesn't work, type  X <return>  to quit.


./thesis.tex:556: LaTeX Error: Undefined color `gray'.

See the LaTeX manual or LaTeX Companion for explanation.
Type  H <return>  for immediate help.
 ...                                              
                                                  
l.556 ... exchange market \cite{calomiris2019news}
                                                  . Recently, economists hav...
You're in trouble here.  Try typing  <return>  to proceed.
If that doesn't work, type  X <return>  to quit.


./thesis.tex:556: LaTeX Error: Undefined color `gray'.

See the LaTeX manual or LaTeX Companion for explanation.
Type  H <return>  for immediate help.
 ...                                              
                                                  
l.556 ...he short run. \cite{schumaker2006textual}
                                                  .
You're in trouble here.  Try typing  <return>  to proceed.
If that doesn't work, type  X <return>  to quit.


./thesis.tex:556: LaTeX Error: Undefined color `gray'.

See the LaTeX manual or LaTeX Companion for explanation.
Type  H <return>  for immediate help.
 ...                                              
                                                  
l.556 ...he short run. \cite{schumaker2006textual}
                                                  .
You're in trouble here.  Try typing  <return>  to proceed.
If that doesn't work, type  X <return>  to quit.

[35

]
./thesis.tex:569: Extra }, or forgotten \endgroup.
l.569 ...^i=\frac{s_t^i - s_{t-1}^i}{s_{t-1}^i}\]}
                                                  
I've deleted a group-closing symbol because it seems to be
spurious, as in `$x}$'. But perhaps the } is legitimate and
you forgot something else, as in `\hbox{$x}'. In such cases
the way to recover is to insert both the forgotten and the
deleted material, e.g., by typing `I$}'.

[36]
<images/sentiment_analysis/news_frequency.png, id=458, 433.62pt x 289.08pt>
File: images/sentiment_analysis/news_frequency.png Graphic file (type png)
<use images/sentiment_analysis/news_frequency.png>
Package pdftex.def Info: images/sentiment_analysis/news_frequency.png  used on input line 580.
(pdftex.def)             Requested size: 429.28513pt x 286.19008pt.
 [37 <./images/sentiment_analysis/news_frequency.png>]
LaTeX Font Info:    Try loading font information for OMS+cmr on input line 596.
 (/usr/local/texlive/2019/texmf-dist/tex/latex/base/omscmr.fd
File: omscmr.fd 2014/09/29 v2.5h Standard LaTeX font definitions
)
LaTeX Font Info:    Font shape `OMS/cmr/m/n' in size <12> not available
(Font)              Font shape `OMS/cmsy/m/n' tried instead on input line 596.
 [38]
./thesis.tex:620: Extra }, or forgotten \endgroup.
l.620 ... of \: words \: in \: the \: document}\]}
                                                  
I've deleted a group-closing symbol because it seems to be
spurious, as in `$x}$'. But perhaps the } is legitimate and
you forgot something else, as in `\hbox{$x}'. In such cases
the way to recover is to insert both the forgotten and the
deleted material, e.g., by typing `I$}'.

./thesis.tex:624: Extra }, or forgotten \endgroup.
l.624 ...nts \: in \: which \: word \: appears}\]}
                                                  
I've deleted a group-closing symbol because it seems to be
spurious, as in `$x}$'. But perhaps the } is legitimate and
you forgot something else, as in `\hbox{$x}'. In such cases
the way to recover is to insert both the forgotten and the
deleted material, e.g., by typing `I$}'.

[39] [40] [41]
<images/sentiment_analysis/CAN_wordCloud.png, id=482, 401.5pt x 200.75pt>
File: images/sentiment_analysis/CAN_wordCloud.png Graphic file (type png)
<use images/sentiment_analysis/CAN_wordCloud.png>
Package pdftex.def Info: images/sentiment_analysis/CAN_wordCloud.png  used on input line 724.
(pdftex.def)             Requested size: 381.42282pt x 190.7114pt.
<images/sentiment_analysis/CHN_wordCloud.png, id=483, 401.5pt x 200.75pt>
File: images/sentiment_analysis/CHN_wordCloud.png Graphic file (type png)
<use images/sentiment_analysis/CHN_wordCloud.png>
Package pdftex.def Info: images/sentiment_analysis/CHN_wordCloud.png  used on input line 732.
(pdftex.def)             Requested size: 381.42282pt x 190.7114pt.
 [42 <./images/sentiment_analysis/CAN_wordCloud.png (PNG copy)>]
<images/sentiment_analysis/JAP_wordCloud.png, id=489, 401.5pt x 200.75pt>
File: images/sentiment_analysis/JAP_wordCloud.png Graphic file (type png)
<use images/sentiment_analysis/JAP_wordCloud.png>
Package pdftex.def Info: images/sentiment_analysis/JAP_wordCloud.png  used on input line 740.
(pdftex.def)             Requested size: 381.42282pt x 190.7114pt.
 [43 <./images/sentiment_analysis/CHN_wordCloud.png (PNG copy)> <./images/sentiment_analysis/JAP_wordCloud.png (PNG copy)>] [44]
<images/sentiment_analysis/automatic_systems.png, id=501, 1084.05pt x 558.085pt>
File: images/sentiment_analysis/automatic_systems.png Graphic file (type png)
<use images/sentiment_analysis/automatic_systems.png>
Package pdftex.def Info: images/sentiment_analysis/automatic_systems.png  used on input line 770.
(pdftex.def)             Requested size: 455.2979pt x 234.3941pt.
 [45 <./images/sentiment_analysis/automatic_systems.png (PNG copy)>]

./thesis.tex:786: LaTeX Error: Undefined color `gray'.

See the LaTeX manual or LaTeX Companion for explanation.
Type  H <return>  for immediate help.
 ...                                              
                                                  
l.786 ...ished in the Greenbook \cite{sharpe2017s}
                                                  . The model uses a tf-idf ...
You're in trouble here.  Try typing  <return>  to proceed.
If that doesn't work, type  X <return>  to quit.


./thesis.tex:786: LaTeX Error: Undefined color `gray'.

See the LaTeX manual or LaTeX Companion for explanation.
Type  H <return>  for immediate help.
 ...                                              
                                                  
l.786 ...ished in the Greenbook \cite{sharpe2017s}
                                                  . The model uses a tf-idf ...
You're in trouble here.  Try typing  <return>  to proceed.
If that doesn't work, type  X <return>  to quit.


./thesis.tex:794: LaTeX Error: Undefined color `gray'.

See the LaTeX manual or LaTeX Companion for explanation.
Type  H <return>  for immediate help.
 ...                                              
                                                  
l.794 ...assification \cite{loughran2011liability}
                                                  . It is for this reason th...
You're in trouble here.  Try typing  <return>  to proceed.
If that doesn't work, type  X <return>  to quit.


./thesis.tex:794: LaTeX Error: Undefined color `gray'.

See the LaTeX manual or LaTeX Companion for explanation.
Type  H <return>  for immediate help.
 ...                                              
                                                  
l.794 ...assification \cite{loughran2011liability}
                                                  . It is for this reason th...
You're in trouble here.  Try typing  <return>  to proceed.
If that doesn't work, type  X <return>  to quit.

[46]
<images/sentiment_analysis/manual_score.png, id=516, 1214.136pt x 636.6987pt>
File: images/sentiment_analysis/manual_score.png Graphic file (type png)
<use images/sentiment_analysis/manual_score.png>
Package pdftex.def Info: images/sentiment_analysis/manual_score.png  used on input line 806.
(pdftex.def)             Requested size: 971.31013pt x 509.35965pt.

Overfull \hbox (143.32924pt too wide) in paragraph at lines 805--807
 []|  [] 
 []

<images/sentiment_analysis/vader_score.png, id=517, 1214.136pt x 636.6987pt>
File: images/sentiment_analysis/vader_score.png Graphic file (type png)
<use images/sentiment_analysis/vader_score.png>
Package pdftex.def Info: images/sentiment_analysis/vader_score.png  used on input line 816.
(pdftex.def)             Requested size: 971.31013pt x 509.35965pt.

Overfull \hbox (143.32924pt too wide) in paragraph at lines 815--817
 []|  [] 
 []

<images/sentiment_analysis/textblob_score.png, id=518, 1214.136pt x 636.6987pt>
File: images/sentiment_analysis/textblob_score.png Graphic file (type png)
<use images/sentiment_analysis/textblob_score.png>
Package pdftex.def Info: images/sentiment_analysis/textblob_score.png  used on input line 826.
(pdftex.def)             Requested size: 971.31013pt x 509.35965pt.

Overfull \hbox (143.32924pt too wide) in paragraph at lines 825--827
 []|  [] 
 []

<images/sentiment_analysis/hiv4_score.png, id=519, 1214.136pt x 636.6987pt>
File: images/sentiment_analysis/hiv4_score.png Graphic file (type png)
<use images/sentiment_analysis/hiv4_score.png>
Package pdftex.def Info: images/sentiment_analysis/hiv4_score.png  used on input line 836.
(pdftex.def)             Requested size: 971.31013pt x 509.35965pt.

Overfull \hbox (143.32924pt too wide) in paragraph at lines 835--837
 []|  [] 
 []

<images/sentiment_analysis/lm_score.png, id=520, 1214.136pt x 636.6987pt>
File: images/sentiment_analysis/lm_score.png Graphic file (type png)
<use images/sentiment_analysis/lm_score.png>
Package pdftex.def Info: images/sentiment_analysis/lm_score.png  used on input line 846.
(pdftex.def)             Requested size: 971.31013pt x 509.35965pt.

Overfull \hbox (143.32924pt too wide) in paragraph at lines 845--847
 []|  [] 
 []

<images/sentiment_analysis/aggregate_score.png, id=521, 1214.136pt x 636.6987pt>
File: images/sentiment_analysis/aggregate_score.png Graphic file (type png)
<use images/sentiment_analysis/aggregate_score.png>
Package pdftex.def Info: images/sentiment_analysis/aggregate_score.png  used on input line 856.
(pdftex.def)             Requested size: 971.31013pt x 509.35965pt.

Overfull \hbox (143.32924pt too wide) in paragraph at lines 855--857
 []|  [] 
 []

[47] [48 <./images/sentiment_analysis/manual_score.png>] [49 <./images/sentiment_analysis/vader_score.png>] [50 <./images/sentiment_analysis/textblob_score.png>] [51 <./images/sentiment_analysis/hiv4_score.png>] [52 <./images/sentiment_analysis/lm_score.png>] [53 <./images/sentiment_analysis/aggregate_score.png>] [54]
Chapter 5.
[55

] (./thesis.bbl [56] [57

])

./thesis.tex:902: LaTeX Error: \begin{itemize} on input line 785 ended by \end{document}.

See the LaTeX manual or LaTeX Companion for explanation.
Type  H <return>  for immediate help.
 ...                                              
                                                  
l.902 \end{document}
                    
Your command was ignored.
Type  I <command> <return>  to replace it with another command,
or  <return>  to continue without it.

Package atveryend Info: Empty hook `BeforeClearDocument' on input line 902.
[58]
Package atveryend Info: Empty hook `AfterLastShipout' on input line 902.
 (./thesis.aux)
Package atveryend Info: Executing hook `AtVeryEndDocument' on input line 902.
Package atveryend Info: Executing hook `AtEndAfterFileList' on input line 902.
Package rerunfilecheck Info: File `thesis.out' has not changed.
(rerunfilecheck)             Checksum: F65220635D268EA9A3DB629EE00759EC;2165.


LaTeX Warning: There were multiply-defined labels.

 )
(\end occurred inside a group at level 8)

### semi simple group (level 8) entered at line 785 (\begingroup)
### semi simple group (level 7) entered at line 432 (\begingroup)
### semi simple group (level 6) entered at line 399 (\begingroup)
### semi simple group (level 5) entered at line 313 (\begingroup)
### semi simple group (level 4) entered at line 147 (\begingroup)
### semi simple group (level 3) entered at line 139 (\begingroup)
### semi simple group (level 2) entered at line 131 (\begingroup)
### semi simple group (level 1) entered at line 127 (\begingroup)
### bottom level 
Here is how much of TeX's memory you used:
 9588 strings out of 492616
 144964 string characters out of 6129482
 274180 words of memory out of 5000000
 13210 multiletter control sequences out of 15000+600000
 10354 words of font info for 37 fonts, out of 8000000 for 9000
 1141 hyphenation exceptions out of 8191
 36i,12n,39p,2589b,1193s stack positions out of 5000i,500n,10000p,200000b,80000s
</usr/local/texlive/2019/texmf-dist/fonts/type1/public/amsfonts/cm/cmbx12.pfb></usr/local/texlive/2019/texmf-dist/fonts/type1/public/amsfonts/cm/cmex10.pfb></usr/local/texlive/2019/texmf-dist/fonts/type1/public/amsfonts/cm/cmmi12.pfb></usr/local/texlive/2019/texmf-dist/fonts/type1/public/amsfonts/cm/cmmi6.pfb></usr/local/texlive/2019/texmf-dist/fonts/type1/public/amsfonts/cm/cmmi8.pfb></usr/local/texlive/2019/texmf-dist/fonts/type1/public/amsfonts/cm/cmr12.pfb></usr/local/texlive/2019/texmf-dist/fonts/type1/public/amsfonts/cm/cmr17.pfb></usr/local/texlive/2019/texmf-dist/fonts/type1/public/amsfonts/cm/cmr6.pfb></usr/local/texlive/2019/texmf-dist/fonts/type1/public/amsfonts/cm/cmr8.pfb></usr/local/texlive/2019/texmf-dist/fonts/type1/public/amsfonts/cm/cmsy10.pfb></usr/local/texlive/2019/texmf-dist/fonts/type1/public/amsfonts/cm/cmsy8.pfb></usr/local/texlive/2019/texmf-dist/fonts/type1/public/amsfonts/cm/cmti12.pfb>
Output written on thesis.pdf (58 pages, 4256771 bytes).
PDF statistics:
 670 PDF objects out of 1000 (max. 8388607)
 543 compressed objects within 6 object streams
 160 named destinations out of 1000 (max. 500000)
 376 words of extra memory for PDF output out of 10000 (max. 10000000)

